d3d11 render+decode devices on adapter 1: NVIDIA GeForce RTX 3070 Laptop GPU
play X:\Videos\2025\11_November\Rendered\post_constantly.mp4: 1080x1920 fps=30000/1001 frames=4500
audio: Speakers (Realtek(R) Audio) @ 48000 Hz stereo (WASAPI via PortAudio)
sync: playback auto-started at frame 0 (audio=on)
stat: drawn=26 want=26 fps=39.7 playing=1 seeks=1 aborts=0 dec=41 bf=0 lock=0.0 draw=0.0 pres=0.2
stat: drawn=56 want=56 fps=32.0 playing=1 seeks=1 aborts=0 dec=72 bf=0 lock=0.0 draw=0.0 pres=41.4
stat: drawn=86 want=86 fps=22.2 playing=1 seeks=1 aborts=0 dec=102 bf=0 lock=0.0 draw=0.0 pres=42.5
stat: drawn=118 want=118 fps=22.1 playing=1 seeks=1 aborts=0 dec=134 bf=0 lock=0.0 draw=0.0 pres=43.7
stat: drawn=149 want=149 fps=22.4 playing=1 seeks=1 aborts=0 dec=165 bf=0 lock=0.0 draw=0.0 pres=43.2
stat: drawn=180 want=180 fps=22.3 playing=1 seeks=1 aborts=0 dec=196 bf=0 lock=0.0 draw=0.0 pres=44.0
stat: drawn=210 want=210 fps=21.8 playing=1 seeks=1 aborts=0 dec=226 bf=0 lock=0.0 draw=0.0 pres=48.2
stat: drawn=241 want=241 fps=22.1 playing=1 seeks=1 aborts=0 dec=257 bf=0 lock=0.0 draw=0.0 pres=48.1
stat: drawn=271 want=271 fps=22.0 playing=1 seeks=1 aborts=0 dec=287 bf=0 lock=0.0 draw=0.0 pres=44.4
stat: drawn=302 want=302 fps=20.8 playing=1 seeks=1 aborts=0 dec=318 bf=0 lock=0.0 draw=0.0 pres=67.2
stat: drawn=334 want=334 fps=22.1 playing=1 seeks=1 aborts=0 dec=350 bf=0 lock=0.0 draw=0.0 pres=41.6
stat: drawn=364 want=364 fps=22.8 playing=1 seeks=1 aborts=0 dec=380 bf=0 lock=0.0 draw=0.0 pres=46.6
stat: drawn=395 want=395 fps=22.5 playing=1 seeks=1 aborts=0 dec=411 bf=0 lock=0.0 draw=0.0 pres=42.5
stat: drawn=425 want=425 fps=21.8 playing=1 seeks=1 aborts=0 dec=441 bf=0 lock=0.0 draw=0.0 pres=48.6
stat: drawn=456 want=456 fps=22.0 playing=1 seeks=1 aborts=0 dec=472 bf=0 lock=0.0 draw=0.0 pres=47.5
stat: drawn=487 want=487 fps=22.8 playing=1 seeks=1 aborts=0 dec=503 bf=0 lock=0.0 draw=0.0 pres=46.7
stat: drawn=516 want=516 fps=21.9 playing=1 seeks=1 aborts=0 dec=532 bf=0 lock=0.0 draw=0.0 pres=43.5
stat: drawn=547 want=547 fps=22.0 playing=1 seeks=1 aborts=0 dec=563 bf=0 lock=0.0 draw=0.0 pres=48.3
stat: drawn=577 want=577 fps=21.7 playing=1 seeks=1 aborts=0 dec=593 bf=0 lock=0.0 draw=0.0 pres=47.3
stat: drawn=608 want=608 fps=21.2 playing=1 seeks=1 aborts=0 dec=624 bf=0 lock=0.0 draw=0.0 pres=45.1
stat: drawn=639 want=639 fps=21.4 playing=1 seeks=1 aborts=0 dec=655 bf=0 lock=0.0 draw=0.0 pres=48.9
stat: drawn=669 want=669 fps=21.9 playing=1 seeks=1 aborts=0 dec=685 bf=0 lock=0.0 draw=0.0 pres=46.1
stat: drawn=700 want=700 fps=22.2 playing=1 seeks=1 aborts=0 dec=716 bf=0 lock=0.0 draw=0.0 pres=45.1
stat: drawn=731 want=731 fps=22.3 playing=1 seeks=1 aborts=0 dec=747 bf=0 lock=0.0 draw=0.0 pres=44.6
stat: drawn=762 want=762 fps=21.2 playing=1 seeks=1 aborts=0 dec=778 bf=0 lock=0.0 draw=0.0 pres=46.3
stat: drawn=793 want=793 fps=21.7 playing=1 seeks=1 aborts=0 dec=809 bf=0 lock=0.0 draw=0.0 pres=48.9
stat: drawn=823 want=823 fps=21.6 playing=1 seeks=1 aborts=0 dec=839 bf=0 lock=0.0 draw=0.0 pres=47.3
stat: drawn=854 want=854 fps=21.3 playing=1 seeks=1 aborts=0 dec=870 bf=0 lock=0.0 draw=0.0 pres=43.5
stat: drawn=885 want=885 fps=21.4 playing=1 seeks=1 aborts=0 dec=901 bf=0 lock=0.0 draw=0.0 pres=42.9
stat: drawn=915 want=915 fps=21.9 playing=1 seeks=1 aborts=0 dec=931 bf=0 lock=0.0 draw=0.0 pres=48.9
stat: drawn=947 want=947 fps=22.0 playing=1 seeks=1 aborts=0 dec=963 bf=0 lock=0.0 draw=0.0 pres=46.7
stat: drawn=978 want=978 fps=22.0 playing=1 seeks=1 aborts=0 dec=994 bf=0 lock=0.0 draw=0.0 pres=47.7
stat: drawn=1008 want=1008 fps=21.6 playing=1 seeks=1 aborts=0 dec=1024 bf=0 lock=0.0 draw=0.0 pres=44.3
stat: drawn=1040 want=1040 fps=21.2 playing=1 seeks=1 aborts=0 dec=1056 bf=0 lock=0.0 draw=0.0 pres=44.5
stat: drawn=1070 want=1070 fps=21.3 playing=1 seeks=1 aborts=0 dec=1086 bf=0 lock=0.0 draw=0.0 pres=46.0
stat: drawn=1101 want=1101 fps=22.2 playing=1 seeks=1 aborts=0 dec=1117 bf=0 lock=0.0 draw=0.0 pres=43.2
stat: drawn=1132 want=1132 fps=21.7 playing=1 seeks=1 aborts=0 dec=1148 bf=0 lock=0.0 draw=0.0 pres=46.7
stat: drawn=1163 want=1163 fps=21.0 playing=1 seeks=1 aborts=0 dec=1179 bf=0 lock=0.0 draw=0.0 pres=49.0
stat: drawn=1194 want=1194 fps=22.4 playing=1 seeks=1 aborts=0 dec=1210 bf=0 lock=0.0 draw=0.0 pres=43.0
stat: drawn=1225 want=1225 fps=22.0 playing=1 seeks=1 aborts=0 dec=1241 bf=0 lock=0.0 draw=0.0 pres=45.7
stat: drawn=1256 want=1256 fps=21.4 playing=1 seeks=1 aborts=0 dec=1272 bf=0 lock=0.0 draw=0.0 pres=48.4
stat: drawn=1287 want=1287 fps=21.2 playing=1 seeks=1 aborts=0 dec=1303 bf=0 lock=0.0 draw=0.0 pres=47.9
stat: drawn=1317 want=1317 fps=21.9 playing=1 seeks=1 aborts=0 dec=1333 bf=0 lock=0.0 draw=0.0 pres=43.3
stat: drawn=1347 want=1347 fps=21.9 playing=1 seeks=1 aborts=0 dec=1363 bf=0 lock=0.0 draw=0.0 pres=45.0
stat: drawn=1378 want=1378 fps=21.6 playing=1 seeks=1 aborts=0 dec=1394 bf=0 lock=0.0 draw=0.0 pres=45.9
stat: drawn=1408 want=1408 fps=20.7 playing=1 seeks=1 aborts=0 dec=1424 bf=0 lock=0.0 draw=0.0 pres=56.9
stat: drawn=1439 want=1439 fps=20.7 playing=1 seeks=1 aborts=0 dec=1455 bf=0 lock=0.0 draw=0.0 pres=46.3
stat: drawn=1469 want=1469 fps=20.9 playing=1 seeks=1 aborts=0 dec=1485 bf=0 lock=0.0 draw=0.0 pres=48.2
stat: drawn=1500 want=1500 fps=21.5 playing=1 seeks=1 aborts=0 dec=1516 bf=0 lock=0.0 draw=0.0 pres=43.1
stat: drawn=1530 want=1530 fps=21.9 playing=1 seeks=1 aborts=0 dec=1546 bf=0 lock=0.0 draw=0.0 pres=42.7
stat: drawn=1561 want=1561 fps=21.3 playing=1 seeks=1 aborts=0 dec=1577 bf=0 lock=0.0 draw=0.0 pres=47.2
stat: drawn=1592 want=1592 fps=21.4 playing=1 seeks=1 aborts=0 dec=1608 bf=0 lock=0.0 draw=0.0 pres=43.4
stat: drawn=1622 want=1622 fps=21.7 playing=1 seeks=1 aborts=0 dec=1638 bf=0 lock=0.0 draw=0.0 pres=46.8
stat: drawn=1653 want=1653 fps=21.2 playing=1 seeks=1 aborts=0 dec=1669 bf=0 lock=0.0 draw=0.0 pres=46.9
stat: drawn=1684 want=1684 fps=21.7 playing=1 seeks=1 aborts=0 dec=1700 bf=0 lock=0.0 draw=0.0 pres=45.7
stat: drawn=1715 want=1715 fps=21.3 playing=1 seeks=1 aborts=0 dec=1731 bf=0 lock=0.0 draw=0.0 pres=47.9
stat: drawn=1745 want=1745 fps=21.8 playing=1 seeks=1 aborts=0 dec=1761 bf=0 lock=0.0 draw=0.0 pres=46.7
stat: drawn=1775 want=1775 fps=21.9 playing=1 seeks=1 aborts=0 dec=1791 bf=0 lock=0.0 draw=0.0 pres=45.1
stat: drawn=1805 want=1805 fps=20.9 playing=1 seeks=1 aborts=0 dec=1821 bf=0 lock=0.0 draw=0.0 pres=46.9
stat: drawn=1836 want=1836 fps=21.6 playing=1 seeks=1 aborts=0 dec=1852 bf=0 lock=0.0 draw=0.0 pres=43.0
stat: drawn=1866 want=1866 fps=21.4 playing=1 seeks=1 aborts=0 dec=1882 bf=0 lock=0.0 draw=0.0 pres=43.1
stat: drawn=1897 want=1897 fps=21.5 playing=1 seeks=1 aborts=0 dec=1913 bf=0 lock=0.0 draw=0.0 pres=44.4
stat: drawn=1928 want=1928 fps=21.2 playing=1 seeks=1 aborts=0 dec=1944 bf=0 lock=0.0 draw=0.0 pres=46.8
stat: drawn=1958 want=1958 fps=21.8 playing=1 seeks=1 aborts=0 dec=1974 bf=0 lock=0.0 draw=0.0 pres=43.6
stat: drawn=1990 want=1990 fps=21.3 playing=1 seeks=1 aborts=0 dec=2006 bf=0 lock=0.0 draw=0.0 pres=43.7
stat: drawn=2021 want=2021 fps=21.2 playing=1 seeks=1 aborts=0 dec=2037 bf=0 lock=0.0 draw=0.0 pres=43.4
stat: drawn=2052 want=2052 fps=22.1 playing=1 seeks=1 aborts=0 dec=2068 bf=0 lock=0.0 draw=0.0 pres=42.3
stat: drawn=2083 want=2083 fps=22.1 playing=1 seeks=1 aborts=0 dec=2099 bf=0 lock=0.0 draw=0.0 pres=42.1
stat: drawn=2113 want=2113 fps=21.9 playing=1 seeks=1 aborts=0 dec=2129 bf=0 lock=0.0 draw=0.0 pres=45.5
stat: drawn=2144 want=2144 fps=21.3 playing=1 seeks=1 aborts=0 dec=2160 bf=0 lock=0.0 draw=0.0 pres=44.2
stat: drawn=2175 want=2175 fps=21.4 playing=1 seeks=1 aborts=0 dec=2191 bf=0 lock=0.0 draw=0.0 pres=49.4
stat: drawn=2205 want=2205 fps=21.7 playing=1 seeks=1 aborts=0 dec=2221 bf=0 lock=0.0 draw=0.0 pres=43.6
stat: drawn=2236 want=2236 fps=21.0 playing=1 seeks=1 aborts=0 dec=2252 bf=0 lock=0.0 draw=0.0 pres=47.6
cpu: 180.6% of one core over 75.0 s (process total, all threads)
engine-latency (request->ring published, present excluded): n=1 median=22028395.6 p95=22028395.6 max=22028395.6 ms
