=== RUN 1 ===
d3d11 render+decode devices on adapter 1: NVIDIA GeForce RTX 3070 Laptop GPU
play X:\Videos\2025\11_November\Rendered\post_constantly.mp4: 1080x1920 fps=30000/1001 frames=4500
audio: Speakers (Realtek(R) Audio) @ 48000 Hz stereo (WASAPI via PortAudio)
storm: phase A (sequential steps)
stat: drawn=14 want=14 fps=41.2 playing=0 seeks=1 aborts=0 dec=29 bf=0 lock=0.0 draw=0.0 pres=0.2
stat: drawn=43 want=43 fps=31.0 playing=0 seeks=1 aborts=0 dec=59 bf=0 lock=0.0 draw=0.0 pres=47.1
stat: drawn=73 want=73 fps=21.5 playing=0 seeks=1 aborts=0 dec=89 bf=0 lock=0.0 draw=0.0 pres=72.9
storm: phase B (far random seeks)
stat: drawn=90 want=90 fps=22.5 playing=0 seeks=1 aborts=0 dec=106 bf=0 lock=0.0 draw=0.0 pres=47.3
stat: drawn=894 want=894 fps=20.7 playing=0 seeks=4 aborts=0 dec=345 bf=3 lock=0.0 draw=0.0 pres=46.9
stat: drawn=2287 want=2287 fps=20.5 playing=0 seeks=7 aborts=0 dec=575 bf=6 lock=0.0 draw=0.0 pres=44.2
stat: drawn=1500 want=2223 fps=21.1 playing=0 seeks=11 aborts=0 dec=759 bf=9 lock=0.0 draw=0.0 pres=43.9
stat: drawn=4025 want=3240 fps=20.9 playing=0 seeks=14 aborts=0 dec=920 bf=12 lock=0.0 draw=0.0 pres=48.7
stat: drawn=1722 want=2033 fps=20.4 playing=0 seeks=17 aborts=0 dec=1172 bf=15 lock=0.0 draw=0.0 pres=49.4
stat: drawn=462 want=462 fps=19.7 playing=0 seeks=20 aborts=0 dec=1419 bf=18 lock=0.0 draw=0.0 pres=48.2
exit=1
=== RUN 2 ===
d3d11 render+decode devices on adapter 1: NVIDIA GeForce RTX 3070 Laptop GPU
play X:\Videos\2025\11_November\Rendered\post_constantly.mp4: 1080x1920 fps=30000/1001 frames=4500
audio: Speakers (Realtek(R) Audio) @ 48000 Hz stereo (WASAPI via PortAudio)
storm: phase A (sequential steps)
stat: drawn=12 want=12 fps=38.5 playing=0 seeks=1 aborts=0 dec=28 bf=0 lock=0.0 draw=0.0 pres=0.2
stat: drawn=42 want=42 fps=30.9 playing=0 seeks=1 aborts=0 dec=58 bf=0 lock=0.0 draw=0.0 pres=48.1
stat: drawn=73 want=73 fps=21.5 playing=0 seeks=1 aborts=0 dec=89 bf=0 lock=0.0 draw=0.0 pres=49.5
storm: phase B (far random seeks)
stat: drawn=90 want=90 fps=20.8 playing=0 seeks=1 aborts=0 dec=106 bf=0 lock=0.0 draw=0.0 pres=50.2
stat: drawn=894 want=894 fps=18.6 playing=0 seeks=4 aborts=0 dec=345 bf=3 lock=0.0 draw=0.0 pres=53.2
stat: drawn=2287 want=2287 fps=20.3 playing=0 seeks=7 aborts=0 dec=575 bf=6 lock=0.0 draw=0.0 pres=47.2
stat: drawn=1500 want=1500 fps=19.8 playing=0 seeks=10 aborts=0 dec=740 bf=9 lock=0.0 draw=0.0 pres=48.4
stat: drawn=4025 want=4025 fps=18.7 playing=0 seeks=13 aborts=0 dec=904 bf=12 lock=0.0 draw=0.0 pres=56.5
stat: drawn=1722 want=1722 fps=18.6 playing=0 seeks=16 aborts=0 dec=1103 bf=15 lock=0.0 draw=0.0 pres=53.8
stat: drawn=775 want=462 fps=17.6 playing=0 seeks=20 aborts=0 dec=1405 bf=18 lock=0.0 draw=0.0 pres=50.6
stat: drawn=2092 want=2895 fps=17.9 playing=0 seeks=23 aborts=0 dec=1645 bf=21 lock=0.0 draw=0.0 pres=59.2
stat: drawn=3437 want=764 fps=19.3 playing=0 seeks=26 aborts=0 dec=1870 bf=24 lock=0.0 draw=0.0 pres=47.9
stat: drawn=3985 want=3985 fps=18.8 playing=0 seeks=29 aborts=0 dec=2122 bf=27 lock=0.0 draw=0.0 pres=47.1
storm: phase C (25 req/s scrub storm, 30 s)
stat: drawn=203 want=203 fps=21.3 playing=0 seeks=31 aborts=0 dec=2267 bf=30 lock=0.0 draw=0.0 pres=44.8
stat: drawn=4003 want=3764 fps=18.5 playing=0 seeks=34 aborts=4 dec=2499 bf=30 lock=0.0 draw=0.0 pres=51.7
stat: drawn=3110 want=2195 fps=18.3 playing=0 seeks=47 aborts=4 dec=3315 bf=30 lock=0.0 draw=0.0 pres=50.3
stat: drawn=345 want=2971 fps=17.9 playing=0 seeks=57 aborts=4 dec=3911 bf=30 lock=0.0 draw=0.0 pres=61.6
stat: drawn=1730 want=397 fps=18.4 playing=0 seeks=69 aborts=4 dec=4620 bf=30 lock=0.0 draw=0.0 pres=50.4
stat: drawn=108 want=39 fps=16.9 playing=0 seeks=83 aborts=4 dec=5491 bf=30 lock=0.0 draw=0.0 pres=77.3
stat: drawn=2411 want=2582 fps=17.5 playing=0 seeks=92 aborts=4 dec=6136 bf=30 lock=0.0 draw=0.0 pres=51.9
stat: drawn=2746 want=2656 fps=17.9 playing=0 seeks=101 aborts=4 dec=6886 bf=30 lock=0.0 draw=0.0 pres=51.0
stat: drawn=3005 want=1374 fps=17.7 playing=0 seeks=107 aborts=4 dec=7475 bf=30 lock=0.0 draw=0.0 pres=48.8
stat: drawn=3110 want=4362 fps=18.8 playing=0 seeks=119 aborts=4 dec=8027 bf=30 lock=0.0 draw=0.0 pres=64.0
stat: drawn=2730 want=3489 fps=18.5 playing=0 seeks=131 aborts=4 dec=8696 bf=30 lock=0.0 draw=0.0 pres=48.8
stat: drawn=1220 want=1220 fps=18.3 playing=0 seeks=146 aborts=4 dec=9475 bf=30 lock=0.0 draw=0.0 pres=48.4
stat: drawn=1302 want=1108 fps=18.2 playing=0 seeks=158 aborts=4 dec=10301 bf=30 lock=0.0 draw=0.0 pres=60.7
stat: drawn=1302 want=2173 fps=20.4 playing=0 seeks=172 aborts=4 dec=11157 bf=30 lock=0.0 draw=0.0 pres=48.9
stat: drawn=49 want=49 fps=19.8 playing=0 seeks=185 aborts=4 dec=11897 bf=30 lock=0.0 draw=0.0 pres=61.5
stat: drawn=1187 want=1174 fps=18.2 playing=0 seeks=195 aborts=4 dec=12671 bf=30 lock=0.0 draw=0.0 pres=47.4
stat: drawn=2594 want=1138 fps=17.9 playing=0 seeks=208 aborts=4 dec=13344 bf=30 lock=0.0 draw=0.0 pres=48.1
stat: drawn=1751 want=2186 fps=18.5 playing=0 seeks=217 aborts=5 dec=13986 bf=30 lock=0.0 draw=0.0 pres=46.6
stat: drawn=4345 want=4345 fps=19.8 playing=0 seeks=230 aborts=7 dec=14594 bf=30 lock=0.0 draw=0.0 pres=47.7
stat: drawn=486 want=486 fps=18.0 playing=0 seeks=239 aborts=7 dec=15303 bf=30 lock=0.0 draw=0.0 pres=62.9
stat: drawn=341 want=4055 fps=19.1 playing=0 seeks=251 aborts=7 dec=16003 bf=30 lock=0.0 draw=0.0 pres=48.2
stat: drawn=1107 want=1041 fps=19.6 playing=0 seeks=263 aborts=8 dec=16735 bf=30 lock=0.0 draw=0.0 pres=48.2
stat: drawn=3012 want=2680 fps=18.2 playing=0 seeks=277 aborts=8 dec=17465 bf=30 lock=0.0 draw=0.0 pres=50.7
stat: drawn=3327 want=3570 fps=18.5 playing=0 seeks=289 aborts=8 dec=18175 bf=30 lock=0.0 draw=0.0 pres=47.9
stat: drawn=991 want=971 fps=18.2 playing=0 seeks=300 aborts=8 dec=18857 bf=30 lock=0.0 draw=0.0 pres=47.2
stat: drawn=2997 want=2997 fps=17.9 playing=0 seeks=309 aborts=8 dec=19558 bf=30 lock=0.0 draw=0.0 pres=48.9
stat: drawn=3179 want=3889 fps=18.2 playing=0 seeks=315 aborts=8 dec=20323 bf=30 lock=0.0 draw=0.0 pres=48.5
stat: drawn=2605 want=2552 fps=19.5 playing=0 seeks=325 aborts=8 dec=21039 bf=30 lock=0.0 draw=0.0 pres=63.6
stat: drawn=3587 want=3587 fps=18.3 playing=0 seeks=335 aborts=8 dec=21767 bf=30 lock=0.0 draw=0.0 pres=48.7
stat: drawn=3217 want=3217 fps=19.3 playing=0 seeks=347 aborts=8 dec=22439 bf=30 lock=0.0 draw=0.0 pres=64.4
storm[A_seq_steps]: requests=90 painted=72 superseded=18 latency_ms median=44.1 p95=50.5 max=60.1
storm[B_far_seeks]: requests=30 painted=30 superseded=0 latency_ms median=108.7 p95=176.2 max=183.6
storm[C_scrub_storm]: requests=737 painted=86 superseded=651 latency_ms median=49.2 p95=63.4 max=80.5
storm: ui_max_loop_gap_ms=81.2
cpu: 171.9% of one core over 44.2 s (process total, all threads)
exit=0
=== RUN 3 ===
d3d11 render+decode devices on adapter 1: NVIDIA GeForce RTX 3070 Laptop GPU
play X:\Videos\2025\11_November\Rendered\post_constantly.mp4: 1080x1920 fps=30000/1001 frames=4500
audio: Speakers (Realtek(R) Audio) @ 48000 Hz stereo (WASAPI via PortAudio)
storm: phase A (sequential steps)
stat: drawn=13 want=13 fps=42.7 playing=0 seeks=1 aborts=0 dec=28 bf=0 lock=0.0 draw=0.0 pres=0.2
stat: drawn=43 want=43 fps=24.1 playing=0 seeks=1 aborts=0 dec=59 bf=0 lock=0.0 draw=0.0 pres=64.1
stat: drawn=74 want=74 fps=19.2 playing=0 seeks=1 aborts=0 dec=90 bf=0 lock=0.0 draw=0.0 pres=62.4
storm: phase B (far random seeks)
stat: drawn=90 want=90 fps=16.6 playing=0 seeks=1 aborts=0 dec=106 bf=0 lock=0.0 draw=0.0 pres=49.6
stat: drawn=894 want=894 fps=19.7 playing=0 seeks=4 aborts=0 dec=333 bf=3 lock=0.0 draw=0.0 pres=50.1
stat: drawn=2287 want=2287 fps=19.8 playing=0 seeks=7 aborts=0 dec=575 bf=6 lock=0.0 draw=0.0 pres=42.3
stat: drawn=1500 want=1500 fps=21.5 playing=0 seeks=10 aborts=0 dec=740 bf=9 lock=0.0 draw=0.0 pres=47.5
stat: drawn=4025 want=4025 fps=21.8 playing=0 seeks=13 aborts=0 dec=904 bf=12 lock=0.0 draw=0.0 pres=43.0
stat: drawn=1722 want=1722 fps=20.9 playing=0 seeks=16 aborts=0 dec=1103 bf=15 lock=0.0 draw=0.0 pres=43.8
stat: drawn=775 want=775 fps=21.5 playing=0 seeks=19 aborts=0 dec=1361 bf=18 lock=0.0 draw=0.0 pres=43.3
stat: drawn=2092 want=2895 fps=22.1 playing=0 seeks=23 aborts=0 dec=1645 bf=21 lock=0.0 draw=0.0 pres=45.2
stat: drawn=3437 want=764 fps=21.4 playing=0 seeks=26 aborts=0 dec=1865 bf=24 lock=0.0 draw=0.0 pres=45.7
stat: drawn=3985 want=3985 fps=20.8 playing=0 seeks=29 aborts=0 dec=2122 bf=27 lock=0.0 draw=0.0 pres=46.6
storm: phase C (25 req/s scrub storm, 30 s)
stat: drawn=203 want=203 fps=21.0 playing=0 seeks=31 aborts=0 dec=2267 bf=30 lock=0.0 draw=0.0 pres=47.5
stat: drawn=4003 want=3725 fps=21.7 playing=0 seeks=34 aborts=3 dec=2499 bf=30 lock=0.0 draw=0.0 pres=44.0
stat: drawn=3110 want=2264 fps=20.3 playing=0 seeks=49 aborts=4 dec=3349 bf=30 lock=0.0 draw=0.0 pres=46.6
stat: drawn=243 want=2942 fps=20.4 playing=0 seeks=62 aborts=4 dec=4184 bf=30 lock=0.0 draw=0.0 pres=47.2
stat: drawn=3926 want=828 fps=20.6 playing=0 seeks=74 aborts=4 dec=4916 bf=30 lock=0.0 draw=0.0 pres=49.6
stat: drawn=1476 want=93 fps=17.5 playing=0 seeks=87 aborts=4 dec=5712 bf=30 lock=0.0 draw=0.0 pres=67.8
stat: drawn=2411 want=2467 fps=17.4 playing=0 seeks=97 aborts=4 dec=6398 bf=30 lock=0.0 draw=0.0 pres=51.7
stat: drawn=2726 want=2654 fps=20.0 playing=0 seeks=105 aborts=4 dec=7126 bf=30 lock=0.0 draw=0.0 pres=49.1
stat: drawn=2979 want=1283 fps=20.6 playing=0 seeks=113 aborts=4 dec=7738 bf=30 lock=0.0 draw=0.0 pres=49.9
stat: drawn=3110 want=4384 fps=19.9 playing=0 seeks=124 aborts=4 dec=8431 bf=30 lock=0.0 draw=0.0 pres=47.6
stat: drawn=2730 want=2329 fps=20.8 playing=0 seeks=136 aborts=4 dec=9176 bf=30 lock=0.0 draw=0.0 pres=45.7
stat: drawn=3983 want=1206 fps=20.7 playing=0 seeks=152 aborts=5 dec=9849 bf=30 lock=0.0 draw=0.0 pres=51.0
stat: drawn=3303 want=985 fps=20.8 playing=0 seeks=162 aborts=5 dec=10622 bf=30 lock=0.0 draw=0.0 pres=48.0
stat: drawn=2351 want=2351 fps=20.7 playing=0 seeks=174 aborts=5 dec=11446 bf=30 lock=0.0 draw=0.0 pres=47.0
stat: drawn=3362 want=17 fps=19.7 playing=0 seeks=190 aborts=5 dec=12214 bf=30 lock=0.0 draw=0.0 pres=73.3
exit=1
